<?xml version="1.0" encoding="UTF-8"?>
<testsuite name="Cucumber" time="10.102" tests="2" skipped="0" failures="2" errors="0">
<testcase classname="Systemtest_Crusius_Login" name="SystemTest__Crusius_Login__Login_Is_Successful_With_Valid_Credentials - Example #1.1" time="6.082">
<failure type="org.openqa.selenium.NoSuchElementException" message="Unable to find element with locator By.id: UserName
For documentation on this error, please visit: https://selenium.dev/exceptions/#no_such_element
Build info: version: '4.8.3', revision: 'e5e76298c3'
System info: os.name: 'Mac OS X', os.arch: 'x86_64', os.version: '11.7.4', java.version: '11.0.14.1'
Driver info: driver.version: RemoteWebDriver">
<![CDATA[org.openqa.selenium.NoSuchElementException: Unable to find element with locator By.id: UserName
For documentation on this error, please visit: https://selenium.dev/exceptions/#no_such_element
Build info: version: '4.8.3', revision: 'e5e76298c3'
System info: os.name: 'Mac OS X', os.arch: 'x86_64', os.version: '11.7.4', java.version: '11.0.14.1'
Driver info: driver.version: RemoteWebDriver
	at org.openqa.selenium.remote.ElementLocation$ElementFinder$2.findElement(ElementLocation.java:165)
	at org.openqa.selenium.remote.ElementLocation.findElement(ElementLocation.java:66)
	at org.openqa.selenium.remote.RemoteWebDriver.findElement(RemoteWebDriver.java:352)
	at org.openqa.selenium.remote.RemoteWebDriver.findElement(RemoteWebDriver.java:344)
	at StepDefinitions.GoogleSearchSteps.the_user_enters_a_valid_username(GoogleSearchSteps.java:47)
	at ✽.the user enters a valid aourjuba1(file:///Users/dibaihss/Documents/Cucumber/CucumberJava%202/CucumberJava/src/test/resources/Features/SystemTest_Crusius_Login.feature:7)
]]>
</failure>
<system-out><![CDATA[
Given open Google Chrome browser............................................passed
And navigate to the Sapiens IDIT Suite home page............................passed
When the user enters a valid aourjuba1......................................failed
And user enters a valid A4next!.............................................skipped
And the user clicks the button Login........................................skipped
Then the login is success...................................................skipped
]]></system-out>
</testcase>
<testcase classname="Systemtest_Crusius_Login" name="SystemTest__Crusius_Login__Login_Is_Successful_With_Valid_Credentials - Example #1.2" time="3.758">
<failure type="org.openqa.selenium.NoSuchElementException" message="Unable to find element with locator By.id: UserName
For documentation on this error, please visit: https://selenium.dev/exceptions/#no_such_element
Build info: version: '4.8.3', revision: 'e5e76298c3'
System info: os.name: 'Mac OS X', os.arch: 'x86_64', os.version: '11.7.4', java.version: '11.0.14.1'
Driver info: driver.version: RemoteWebDriver">
<![CDATA[org.openqa.selenium.NoSuchElementException: Unable to find element with locator By.id: UserName
For documentation on this error, please visit: https://selenium.dev/exceptions/#no_such_element
Build info: version: '4.8.3', revision: 'e5e76298c3'
System info: os.name: 'Mac OS X', os.arch: 'x86_64', os.version: '11.7.4', java.version: '11.0.14.1'
Driver info: driver.version: RemoteWebDriver
	at org.openqa.selenium.remote.ElementLocation$ElementFinder$2.findElement(ElementLocation.java:165)
	at org.openqa.selenium.remote.ElementLocation.findElement(ElementLocation.java:66)
	at org.openqa.selenium.remote.RemoteWebDriver.findElement(RemoteWebDriver.java:352)
	at org.openqa.selenium.remote.RemoteWebDriver.findElement(RemoteWebDriver.java:344)
	at StepDefinitions.GoogleSearchSteps.the_user_enters_a_valid_username(GoogleSearchSteps.java:47)
	at ✽.the user enters a valid aourjuba1(file:///Users/dibaihss/Documents/Cucumber/CucumberJava%202/CucumberJava/src/test/resources/Features/SystemTest_Crusius_Login.feature:7)
]]>
</failure>
<system-out><![CDATA[
Given open Google Chrome browser............................................passed
And navigate to the Sapiens IDIT Suite home page............................passed
When the user enters a valid aourjuba1......................................failed
And user enters a valid A4next..............................................skipped
And the user clicks the button Login........................................skipped
Then the login is fail......................................................skipped
]]></system-out>
</testcase>
</testsuite>
